Base path: C:/Program Files/Unity/Editor/Data
Pipe name: \\.\pipe\UnityShaderCompiler-64bit-2-14632
Cmd: getPlatforms
Cmd: compileSnippet
  api=4 type=0 insize=1005 outsize=1274 kw= pd= ok=1
Cmd: compileSnippet
  api=1 type=1 insize=1005 outsize=185 kw= pd= ok=1
Cmd: compileSnippet
  api=4 type=1 insize=1517 outsize=892 kw= pd= ok=1
Cmd: compileSnippet
  api=8 type=1 insize=1126 outsize=1511 kw= pd=UNITY_NO_SCREENSPACE_SHADOWS UNITY_NO_LINEAR_COLORSPACE ok=1
Cmd: compileSnippet
  api=1 type=0 insize=1147 outsize=156 kw= pd= ok=1
Cmd: compileSnippet
  api=8 type=0 insize=1081 outsize=1828 kw= pd=UNITY_NO_SCREENSPACE_SHADOWS UNITY_NO_LINEAR_COLORSPACE ok=1
Cmd: compileSnippet
  api=8 type=1 insize=1081 outsize=1406 kw= pd=UNITY_NO_SCREENSPACE_SHADOWS UNITY_NO_LINEAR_COLORSPACE ok=1
Cmd: compileSnippet
  api=4 type=1 insize=1230 outsize=1038 kw= pd= ok=1
Unhandled exception: Readfile from pipe failed. GLE=The pipe has been ended.


Quitting shader compiler process
